[    0.000000] Linux version 4.15.0-197-generic (buildd@lcy02-amd64-110) (gcc version 7.5.0 (Ubuntu 7.5.0-3ubuntu1~18.04)) #208-Ubuntu SMP Tue Nov 1 17:23:37 UTC 2022 (Ubuntu 4.15.0-197.208-generic 4.15.18)
[    0.000000] Command line: BOOT_IMAGE=/boot/vmlinuz-4.15.0-197-generic root=LABEL=cloudimg-rootfs ro console=tty1 console=ttyS0
[    0.000000] KERNEL supported cpus:
[    0.000000]   Intel GenuineIntel
[    0.000000]   AMD AuthenticAMD
[    0.000000]   Centaur CentaurHauls
[    0.000000] [Firmware Bug]: TSC doesn't count with P0 frequency!
[    0.000000] x86/fpu: Supporting XSAVE feature 0x001: 'x87 floating point registers'
[    0.000000] x86/fpu: Supporting XSAVE feature 0x002: 'SSE registers'
[    0.000000] x86/fpu: Supporting XSAVE feature 0x004: 'AVX registers'
[    0.000000] x86/fpu: xstate_offset[2]:  576, xstate_sizes[2]:  256
[    0.000000] x86/fpu: Enabled xstate features 0x7, context size is 832 bytes, using 'standard' format.
[    0.000000] e820: BIOS-provided physical RAM map:
[    0.000000] BIOS-e820: [mem 0x0000000000000000-0x000000000009fbff] usable
[    0.000000] BIOS-e820: [mem 0x000000000009fc00-0x000000000009ffff] reserved
[    0.000000] BIOS-e820: [mem 0x00000000000f0000-0x00000000000fffff] reserved
[    0.000000] BIOS-e820: [mem 0x0000000000100000-0x000000003ffeffff] usable
[    0.000000] BIOS-e820: [mem 0x000000003fff0000-0x000000003fffffff] ACPI data
[    0.000000] BIOS-e820: [mem 0x00000000fec00000-0x00000000fec00fff] reserved
[    0.000000] BIOS-e820: [mem 0x00000000fee00000-0x00000000fee00fff] reserved
[    0.000000] BIOS-e820: [mem 0x00000000fffc0000-0x00000000ffffffff] reserved
[    0.000000] NX (Execute Disable) protection: active
[    0.000000] SMBIOS 2.5 present.
[    0.000000] DMI: innotek GmbH VirtualBox/VirtualBox, BIOS VirtualBox 12/01/2006
[    0.000000] Hypervisor detected: KVM
[    0.000000] e820: last_pfn = 0x3fff0 max_arch_pfn = 0x400000000
[    0.000000] MTRR: Disabled
[    0.000000] x86/PAT: MTRRs disabled, skipping PAT initialization too.
[    0.000000] CPU MTRRs all blank - virtualized system.
[    0.000000] x86/PAT: Configuration [0-7]: WB  WT  UC- UC  WB  WT  UC- UC  
[    0.000000] found SMP MP-table at [mem 0x0009fff0-0x0009ffff]
[    0.000000] Scanning 1 areas for low memory corruption
[    0.000000] RAMDISK: [mem 0x359c7000-0x36cdafff]
[    0.000000] ACPI: Early table checksum verification disabled
[    0.000000] ACPI: RSDP 0x00000000000E0000 000024 (v02 VBOX  )
[    0.000000] ACPI: XSDT 0x000000003FFF0030 00003C (v01 VBOX   VBOXXSDT 00000001 ASL  00000061)
[    0.000000] ACPI: FACP 0x000000003FFF00F0 0000F4 (v04 VBOX   VBOXFACP 00000001 ASL  00000061)
[    0.000000] ACPI: DSDT 0x000000003FFF0610 002353 (v02 VBOX   VBOXBIOS 00000002 INTL 20100528)
[    0.000000] ACPI: FACS 0x000000003FFF0200 000040
[    0.000000] ACPI: FACS 0x000000003FFF0200 000040
[    0.000000] ACPI: APIC 0x000000003FFF0240 00005C (v02 VBOX   VBOXAPIC 00000001 ASL  00000061)
[    0.000000] ACPI: SSDT 0x000000003FFF02A0 00036C (v01 VBOX   VBOXCPUT 00000002 INTL 20100528)
[    0.000000] ACPI: Reserving FACP table memory at [mem 0x3fff00f0-0x3fff01e3]
[    0.000000] ACPI: Reserving DSDT table memory at [mem 0x3fff0610-0x3fff2962]
[    0.000000] ACPI: Reserving FACS table memory at [mem 0x3fff0200-0x3fff023f]
[    0.000000] ACPI: Reserving FACS table memory at [mem 0x3fff0200-0x3fff023f]
[    0.000000] ACPI: Reserving APIC table memory at [mem 0x3fff0240-0x3fff029b]
[    0.000000] ACPI: Reserving SSDT table memory at [mem 0x3fff02a0-0x3fff060b]
[    0.000000] No NUMA configuration found
[    0.000000] Faking a node at [mem 0x0000000000000000-0x000000003ffeffff]
[    0.000000] NODE_DATA(0) allocated [mem 0x3ffc5000-0x3ffeffff]
[    0.000000] kvm-clock: cpu 0, msr 0:3ff44001, primary cpu clock
[    0.000000] kvm-clock: Using msrs 4b564d01 and 4b564d00
[    0.000000] kvm-clock: using sched offset of 3431598081 cycles
[    0.000000] clocksource: kvm-clock: mask: 0xffffffffffffffff max_cycles: 0x1cd42e4dffb, max_idle_ns: 881590591483 ns
[    0.000000] Zone ranges:
[    0.000000]   DMA      [mem 0x0000000000001000-0x0000000000ffffff]
[    0.000000]   DMA32    [mem 0x0000000001000000-0x000000003ffeffff]
[    0.000000]   Normal   empty
[    0.000000]   Device   empty
[    0.000000] Movable zone start for each node
[    0.000000] Early memory node ranges
[    0.000000]   node   0: [mem 0x0000000000001000-0x000000000009efff]
[    0.000000]   node   0: [mem 0x0000000000100000-0x000000003ffeffff]
[    0.000000] Reserved but unavailable: 104 pages
[    0.000000] Initmem setup node 0 [mem 0x0000000000001000-0x000000003ffeffff]
[    0.000000] ACPI: PM-Timer IO Port: 0x4008
[    0.000000] IOAPIC[0]: apic_id 2, version 32, address 0xfec00000, GSI 0-23
[    0.000000] ACPI: INT_SRC_OVR (bus 0 bus_irq 0 global_irq 2 dfl dfl)
[    0.000000] ACPI: INT_SRC_OVR (bus 0 bus_irq 9 global_irq 9 low level)
[    0.000000] Using ACPI (MADT) for SMP configuration information
[    0.000000] smpboot: Allowing 2 CPUs, 0 hotplug CPUs
[    0.000000] PM: Registered nosave memory: [mem 0x00000000-0x00000fff]
[    0.000000] PM: Registered nosave memory: [mem 0x0009f000-0x0009ffff]
[    0.000000] PM: Registered nosave memory: [mem 0x000a0000-0x000effff]
[    0.000000] PM: Registered nosave memory: [mem 0x000f0000-0x000fffff]
[    0.000000] e820: [mem 0x40000000-0xfebfffff] available for PCI devices
[    0.000000] Booting paravirtualized kernel on KVM
[    0.000000] clocksource: refined-jiffies: mask: 0xffffffff max_cycles: 0xffffffff, max_idle_ns: 7645519600211568 ns
[    0.000000] setup_percpu: NR_CPUS:8192 nr_cpumask_bits:2 nr_cpu_ids:2 nr_node_ids:1
[    0.000000] percpu: Embedded 50 pages/cpu s167936 r8192 d28672 u1048576
[    0.000000] PV qspinlock hash table entries: 256 (order: 0, 4096 bytes)
[    0.000000] Built 1 zonelists, mobility grouping on.  Total pages: 257913
[    0.000000] Policy zone: DMA32
[    0.000000] Kernel command line: BOOT_IMAGE=/boot/vmlinuz-4.15.0-197-generic root=LABEL=cloudimg-rootfs ro console=tty1 console=ttyS0
[    0.000000] Memory: 982644K/1048120K available (12300K kernel code, 2477K rwdata, 4320K rodata, 2472K init, 2720K bss, 65476K reserved, 0K cma-reserved)
[    0.000000] SLUB: HWalign=64, Order=0-3, MinObjects=0, CPUs=2, Nodes=1
[    0.000000] ftrace: allocating 39478 entries in 155 pages
[    0.004000] Hierarchical RCU implementation.
[    0.004000] 	RCU restricting CPUs from NR_CPUS=8192 to nr_cpu_ids=2.
[    0.004000] 	Tasks RCU enabled.
[    0.004000] RCU: Adjusting geometry for rcu_fanout_leaf=16, nr_cpu_ids=2
[    0.004000] NR_IRQS: 524544, nr_irqs: 440, preallocated irqs: 16
[    0.004000] random: crng init done
[    0.004000] Console: colour VGA+ 80x25
[    0.004000] console [tty1] enabled
[    0.004000] console [ttyS0] enabled
[    0.004000] ACPI: Core revision 20170831
[    0.004000] ACPI: 2 ACPI AML tables successfully acquired and loaded
[    0.004000] APIC: Switch to symmetric I/O mode setup
[    0.004000] x2apic enabled
[    0.004000] Switched APIC routing to physical x2apic.
[    0.004000] ..TIMER: vector=0x30 apic1=0 pin1=2 apic2=-1 pin2=-1
[    0.004000] tsc: Detected 2595.130 MHz processor
[    0.004000] Calibrating delay loop (skipped) preset value.. 5190.26 BogoMIPS (lpj=10380520)
[    0.004000] pid_max: default: 32768 minimum: 301
[    0.004000] Security Framework initialized
[    0.004000] Yama: becoming mindful.
[    0.004000] AppArmor: AppArmor initialized
[    0.004000] Dentry cache hash table entries: 131072 (order: 8, 1048576 bytes)
[    0.004000] Inode-cache hash table entries: 65536 (order: 7, 524288 bytes)
[    0.004000] Mount-cache hash table entries: 2048 (order: 2, 16384 bytes)
[    0.004000] Mountpoint-cache hash table entries: 2048 (order: 2, 16384 bytes)
[    0.004000] Last level iTLB entries: 4KB 1024, 2MB 1024, 4MB 512
[    0.004000] Last level dTLB entries: 4KB 1536, 2MB 1536, 4MB 768, 1GB 0
[    0.004000] Spectre V1 : Mitigation: usercopy/swapgs barriers and __user pointer sanitization
[    0.004011] Spectre V2 : Mitigation: Retpolines
[    0.005092] Spectre V2 : Spectre v2 / SpectreRSB mitigation: Filling RSB on context switch
[    0.008317] Freeing SMP alternatives memory: 36K
[    0.134824] APIC calibration not consistent with PM-Timer: 108ms instead of 100ms
[    0.136000] APIC delta adjusted to PM-Timer: 6412912 (6930777)
[    0.136162] smpboot: CPU0: AMD Ryzen 3 3200U with Radeon Vega Mobile Gfx (family: 0x17, model: 0x18, stepping: 0x1)
[    0.138380] Performance Events: PMU not available due to virtualization, using software events only.
[    0.140000] Hierarchical SRCU implementation.
[    0.140963] NMI watchdog: Perf event create on CPU 0 failed with -2
[    0.142177] NMI watchdog: Perf NMI watchdog permanently disabled
[    0.144088] smp: Bringing up secondary CPUs ...
[    0.145176] x86: Booting SMP configuration:
[    0.146059] .... node  #0, CPUs:      #1
[    0.004000] kvm-clock: cpu 1, msr 0:3ff44041, secondary cpu clock
[    0.150726] smp: Brought up 1 node, 2 CPUs
[    0.150726] smpboot: Max logical packages: 1
[    0.152008] smpboot: Total of 2 processors activated (10380.52 BogoMIPS)
[    0.153766] devtmpfs: initialized
[    0.153766] x86/mm: Memory block size: 128MB
[    0.154431] evm: security.selinux
[    0.155398] evm: security.SMACK64
[    0.156021] evm: security.SMACK64EXEC
[    0.156991] evm: security.SMACK64TRANSMUTE
[    0.158002] evm: security.SMACK64MMAP
[    0.158852] evm: security.apparmor
[    0.159652] evm: security.ima
[    0.160005] evm: security.capability
[    0.164114] clocksource: jiffies: mask: 0xffffffff max_cycles: 0xffffffff, max_idle_ns: 7645041785100000 ns
[    0.166227] futex hash table entries: 512 (order: 3, 32768 bytes)
[    0.166227] pinctrl core: initialized pinctrl subsystem
[    0.168155] RTC time:  3:21:50, date: 11/24/22
[    0.169706] NET: Registered protocol family 16
[    0.170854] audit: initializing netlink subsys (disabled)
[    0.172051] audit: type=2000 audit(1669260116.159:1): state=initialized audit_enabled=0 res=1
[    0.176135] cpuidle: using governor ladder
[    0.176135] cpuidle: using governor menu
[    0.180276] ACPI: bus type PCI registered
[    0.181058] acpiphp: ACPI Hot Plug PCI Controller Driver version: 0.5
[    0.182689] PCI: Using configuration type 1 for base access
[    0.183929] PCI: Using configuration type 1 for extended access
[    0.185306] HugeTLB registered 2.00 MiB page size, pre-allocated 0 pages
[    0.188107] ACPI: Added _OSI(Module Device)
[    0.188996] ACPI: Added _OSI(Processor Device)
[    0.189911] ACPI: Added _OSI(3.0 _SCP Extensions)
[    0.192006] ACPI: Added _OSI(Processor Aggregator Device)
[    0.193067] ACPI: Added _OSI(Linux-Dell-Video)
[    0.193985] ACPI: Added _OSI(Linux-Lenovo-NV-HDMI-Audio)
[    0.195032] ACPI: Added _OSI(Linux-HPI-Hybrid-Graphics)
[    0.196000] ACPI: Executed 1 blocks of module-level executable AML code
[    0.201926] ACPI: Interpreter enabled
[    0.202742] ACPI: (supports S0 S5)
[    0.203479] ACPI: Using IOAPIC for interrupt routing
[    0.204252] PCI: Using host bridge windows from ACPI; if necessary, use "pci=nocrs" and report a bug
[    0.206250] ACPI: Enabled 2 GPEs in block 00 to 07
[    0.215423] ACPI: PCI Root Bridge [PCI0] (domain 0000 [bus 00-ff])
[    0.216013] acpi PNP0A03:00: _OSC: OS supports [ExtendedConfig ASPM ClockPM Segments MSI]
[    0.219485] acpi PNP0A03:00: _OSC: platform does not support [PCIeCapability]
[    0.220689] acpi PNP0A03:00: _OSC: not requesting control; platform does not support [PCIeCapability]
[    0.222658] acpi PNP0A03:00: _OSC: OS requested [PCIeHotplug PME AER PCIeCapability]
[    0.224005] acpi PNP0A03:00: _OSC: platform willing to grant [PCIeHotplug PME AER]
[    0.225814] acpi PNP0A03:00: _OSC failed (AE_SUPPORT); disabling ASPM
[    0.228647] PCI host bridge to bus 0000:00
[    0.229637] pci_bus 0000:00: root bus resource [io  0x0000-0x0cf7 window]
[    0.231269] pci_bus 0000:00: root bus resource [io  0x0d00-0xffff window]
[    0.232006] pci_bus 0000:00: root bus resource [mem 0x000a0000-0x000bffff window]
[    0.233720] pci_bus 0000:00: root bus resource [mem 0x40000000-0xfdffffff window]
[    0.235321] pci_bus 0000:00: root bus resource [bus 00-ff]
[    0.238655] pci 0000:00:01.1: legacy IDE quirk: reg 0x10: [io  0x01f0-0x01f7]
[    0.240006] pci 0000:00:01.1: legacy IDE quirk: reg 0x14: [io  0x03f6]
[    0.241880] pci 0000:00:01.1: legacy IDE quirk: reg 0x18: [io  0x0170-0x0177]
[    0.244013] pci 0000:00:01.1: legacy IDE quirk: reg 0x1c: [io  0x0376]
[    0.282484] pci 0000:00:07.0: quirk: [io  0x4000-0x403f] claimed by PIIX4 ACPI
[    0.284021] pci 0000:00:07.0: quirk: [io  0x4100-0x410f] claimed by PIIX4 SMB
[    0.299039] ACPI: PCI Interrupt Link [LNKA] (IRQs 5 9 10 *11)
[    0.300445] ACPI: PCI Interrupt Link [LNKB] (IRQs 5 9 *10 11)
[    0.302011] ACPI: PCI Interrupt Link [LNKC] (IRQs 5 *9 10 11)
[    0.303572] ACPI: PCI Interrupt Link [LNKD] (IRQs 5 9 10 *11)
[    0.304693] SCSI subsystem initialized
[    0.305647] pci 0000:00:02.0: vgaarb: setting as boot VGA device
[    0.305647] pci 0000:00:02.0: vgaarb: VGA device added: decodes=io+mem,owns=io+mem,locks=none
[    0.308030] pci 0000:00:02.0: vgaarb: bridge control possible
[    0.312003] vgaarb: loaded
[    0.312713] ACPI: bus type USB registered
[    0.313796] usbcore: registered new interface driver usbfs
[    0.315164] usbcore: registered new interface driver hub
[    0.316018] usbcore: registered new device driver usb
[    0.317316] EDAC MC: Ver: 3.0.0
[    0.317316] PCI: Using ACPI for IRQ routing
[    0.317512] NetLabel: Initializing
[    0.318362] NetLabel:  domain hash size = 128
[    0.319422] NetLabel:  protocols = UNLABELED CIPSOv4 CALIPSO
[    0.324025] NetLabel:  unlabeled traffic allowed by default
[    0.325313] clocksource: Switched to clocksource kvm-clock
[    0.337820] VFS: Disk quotas dquot_6.6.0
[    0.337820] VFS: Dquot-cache hash table entries: 512 (order 0, 4096 bytes)
[    0.337820] AppArmor: AppArmor Filesystem Enabled
[    0.337820] pnp: PnP ACPI init
[    0.337820] pnp: PnP ACPI: found 3 devices
[    0.362774] clocksource: acpi_pm: mask: 0xffffff max_cycles: 0xffffff, max_idle_ns: 2085701024 ns
[    0.364364] NET: Registered protocol family 2
[    0.364364] IP idents hash table entries: 16384 (order: 5, 131072 bytes)
[    0.369400] TCP established hash table entries: 8192 (order: 4, 65536 bytes)
[    0.371000] TCP bind hash table entries: 8192 (order: 5, 131072 bytes)
[    0.372647] TCP: Hash tables configured (established 8192 bind 8192)
[    0.374162] UDP hash table entries: 512 (order: 2, 16384 bytes)
[    0.375535] UDP-Lite hash table entries: 512 (order: 2, 16384 bytes)
[    0.376618] NET: Registered protocol family 1
[    0.376618] pci 0000:00:00.0: Limiting direct PCI/PCI transfers
[    0.376618] pci 0000:00:01.0: Activating ISA DMA hang workarounds
[    0.376618] pci 0000:00:02.0: Video device with shadowed ROM at [mem 0x000c0000-0x000dffff]
[    0.376618] Unpacking initramfs...
[    0.376618] Freeing initrd memory: 19536K
[    0.376618] clocksource: tsc: mask: 0xffffffffffffffff max_cycles: 0x2568436d447, max_idle_ns: 440795250439 ns
[    0.376618] platform rtc_cmos: registered platform RTC device (no PNP device found)
[    0.376618] Scanning for low memory corruption every 60 seconds
[    0.831193] Initialise system trusted keyrings
[    0.833070] Key type blacklist registered
[    0.835032] workingset: timestamp_bits=36 max_order=18 bucket_order=0
[    0.838503] zbud: loaded
[    0.840084] squashfs: version 4.0 (2009/01/31) Phillip Lougher
[    0.842078] fuse init (API version 7.26)
[    0.849032] Key type asymmetric registered
[    0.849951] Asymmetric key parser 'x509' registered
[    0.851018] Block layer SCSI generic (bsg) driver version 0.4 loaded (major 246)
[    0.852823] io scheduler noop registered
[    0.854471] io scheduler deadline registered
[    0.856301] io scheduler cfq registered (default)
[    0.859081] ACPI: AC Adapter [AC] (off-line)
[    0.861153] input: Power Button as /devices/LNXSYSTM:00/LNXPWRBN:00/input/input0
[    0.865142] ACPI: Power Button [PWRF]
[    0.867755] input: Sleep Button as /devices/LNXSYSTM:00/LNXSLPBN:00/input/input1
[    0.871765] ACPI: Sleep Button [SLPF]
[    0.874722] Serial: 8250/16550 driver, 32 ports, IRQ sharing enabled
[    0.876879] ACPI: Battery Slot [BAT0] (battery present)
[    0.897174] 00:02: ttyS0 at I/O 0x3f8 (irq = 4, base_baud = 115200) is a 16550A
[    0.903724] Linux agpgart interface v0.103
[    0.909148] loop: module loaded
[    0.910881] scsi host0: ata_piix
[    0.911829] scsi host1: ata_piix
[    0.912771] ata1: PATA max UDMA/33 cmd 0x1f0 ctl 0x3f6 bmdma 0xd000 irq 14
[    0.914358] ata2: PATA max UDMA/33 cmd 0x170 ctl 0x376 bmdma 0xd008 irq 15
[    0.916508] tun: Universal TUN/TAP device driver, 1.6
[    0.917895] PPP generic driver version 2.4.2
[    0.919112] ehci_hcd: USB 2.0 'Enhanced' Host Controller (EHCI) Driver
[    0.920827] ehci-pci: EHCI PCI platform driver
[    0.921848] ehci-platform: EHCI generic platform driver
[    0.923106] ohci_hcd: USB 1.1 'Open' Host Controller (OHCI) Driver
[    0.924727] ohci-pci: OHCI PCI platform driver
[    0.925823] ohci-platform: OHCI generic platform driver
[    0.927126] uhci_hcd: USB Universal Host Controller Interface driver
[    0.928734] i8042: PNP: PS/2 Controller [PNP0303:PS2K,PNP0f03:PS2M] at 0x60,0x64 irq 1,12
[    0.931367] serio: i8042 KBD port at 0x60,0x64 irq 1
[    0.932647] serio: i8042 AUX port at 0x60,0x64 irq 12
[    0.934074] mousedev: PS/2 mouse device common for all mice
[    0.936040] input: AT Translated Set 2 keyboard as /devices/platform/i8042/serio0/input/input2
[    0.936620] rtc_cmos rtc_cmos: rtc core: registered rtc_cmos as rtc0
[    0.939649] rtc_cmos rtc_cmos: alarms up to one day, 114 bytes nvram
[    0.940951] i2c /dev entries driver
[    0.941817] device-mapper: uevent: version 1.0.3
[    0.942927] device-mapper: ioctl: 4.37.0-ioctl (2017-09-20) initialised: dm-devel@redhat.com
[    0.944663] ledtrig-cpu: registered to indicate activity on CPUs
[    0.946523] NET: Registered protocol family 10
[    0.953085] Segment Routing with IPv6
[    0.954143] NET: Registered protocol family 17
[    0.955426] Key type dns_resolver registered
[    0.956627] mce: Using 0 MCE banks
[    0.957378] RAS: Correctable Errors collector initialized.
[    0.958473] sched_clock: Marking stable (956579226, 0)->(1187539496, -230960270)
[    0.960532] registered taskstats version 1
[    0.961399] Loading compiled-in X.509 certificates
[    0.965377] Loaded X.509 cert 'Build time autogenerated kernel key: ffc9dd3886e7b6bb89620497cc57c4262b59bc54'
[    0.968079] Loaded X.509 cert 'Canonical Ltd. Live Patch Signing: 14df34d1a87cf37625abec039ef2bf521249b969'
[    0.970851] Loaded X.509 cert 'Canonical Ltd. Kernel Module Signing: 88f752e560a1e0737e31163a466ad7b70a850c19'
[    0.972809] blacklist: Loading compiled-in revocation X.509 certificates
[    0.974105] Loaded X.509 cert 'Canonical Ltd. Secure Boot Signing: 61482aa2830d0ab2ad5af10b7250da9033ddcef0'
[    0.976050] zswap: loaded using pool lzo/zbud
[    0.981051] Key type big_key registered
[    0.982063] Key type trusted registered
[    0.985083] Key type encrypted registered
[    0.985999] AppArmor: AppArmor sha1 policy hashing enabled
[    0.987316] ima: No TPM chip found, activating TPM-bypass! (rc=-19)
[    0.988594] ima: Allocated hash algorithm: sha1
[    0.989591] evm: HMAC attrs: 0x1
[    0.990602]   Magic number: 14:971:361
[    0.991608] rtc_cmos rtc_cmos: setting system clock to 2022-11-24 03:21:51 UTC (1669260111)
[    0.993648] BIOS EDD facility v0.16 2004-Jun-25, 0 devices found
[    0.995108] EDD information not available.
[    1.112767] Freeing unused kernel image memory: 2472K
[    1.124363] Write protecting the kernel read-only data: 20480k
[    1.128174] Freeing unused kernel image memory: 2008K
[    1.131695] Freeing unused kernel image memory: 1824K
[    1.152867] x86/mm: Checked W+X mappings: passed, no W+X pages found.
Loading, please wait...
starting version 237
[    1.294032] e1000: Intel(R) PRO/1000 Network Driver - version 7.3.21-k8-NAPI
[    1.295859] e1000: Copyright (c) 1999-2006 Intel Corporation.
[    1.301317] Fusion MPT base driver 3.04.20
[    1.302755] Copyright (c) 1999-2008 LSI Corporation
[    1.311321] Fusion MPT SPI Host driver 3.04.20
[    1.325615] AVX2 version of gcm_enc/dec engaged.
[    1.326853] AES CTR mode by8 optimization enabled
[    1.513975] input: ImExPS/2 Generic Explorer Mouse as /devices/platform/i8042/serio1/input/input4
[    1.722416] e1000 0000:00:03.0 eth0: (PCI:33MHz:32-bit) 02:a6:12:9f:2a:1a
[    1.725150] e1000 0000:00:03.0 eth0: Intel(R) PRO/1000 Network Connection
[    1.730421] mptbase: ioc0: Initiating bringup
[    1.731588] e1000 0000:00:03.0 enp0s3: renamed from eth0
[    2.413113] ioc0: LSI53C1030 A0: Capabilities={Initiator}
[    2.659613] scsi host2: ioc0: LSI53C1030 A0, FwRev=00000000h, Ports=1, MaxQ=256, IRQ=20
[    2.830250] scsi 2:0:0:0: Direct-Access     VBOX     HARDDISK         1.0  PQ: 0 ANSI: 5
[    2.864366] scsi target2:0:0: Beginning Domain Validation
[    2.870071] scsi target2:0:0: Domain Validation skipping write tests
[    2.872836] scsi target2:0:0: Ending Domain Validation
[    2.875153] scsi target2:0:0: asynchronous
[    2.877869] scsi 2:0:1:0: Direct-Access     VBOX     HARDDISK         1.0  PQ: 0 ANSI: 5
[    3.354198] scsi target2:0:1: Beginning Domain Validation
[    3.359602] scsi target2:0:1: Domain Validation skipping write tests
[    3.363619] scsi target2:0:1: Ending Domain Validation
[    3.366192] scsi target2:0:1: asynchronous
[    3.380627] sd 2:0:0:0: [sda] 83886080 512-byte logical blocks: (42.9 GB/40.0 GiB)
[    3.383654] sd 2:0:0:0: [sda] Write Protect is off
[    3.385691] sd 2:0:0:0: Attached scsi generic sg0 type 0
[    3.388275] sd 2:0:0:0: [sda] Incomplete mode parameter data
[    3.388492] sd 2:0:1:0: [sdb] 20480 512-byte logical blocks: (10.5 MB/10.0 MiB)
[    3.390742] sd 2:0:0:0: [sda] Assuming drive cache: write through
[    3.394188] sd 2:0:1:0: [sdb] Write Protect is off
[    3.396935] sd 2:0:1:0: Attached scsi generic sg1 type 0
[    3.401864] sd 2:0:1:0: [sdb] Incomplete mode parameter data
[    3.403945] sd 2:0:1:0: [sdb] Assuming drive cache: write through
[    3.410720]  sda: sda1
[    3.413895] sd 2:0:0:0: [sda] Attached SCSI disk
[    3.416331] sd 2:0:1:0: [sdb] Attached SCSI disk
Begin: Loading essential drivers ... [    5.116386] raid6: sse2x1   gen()  5403 MB/s
[    5.164322] raid6: sse2x1   xor()  4616 MB/s
[    5.212212] raid6: sse2x2   gen()  6192 MB/s
[    5.260506] raid6: sse2x2   xor()  6332 MB/s
[    5.308020] raid6: sse2x4   gen()  6924 MB/s
[    5.356447] raid6: sse2x4   xor()  4179 MB/s
[    5.404476] raid6: avx2x1   gen() 10376 MB/s
[    5.452240] raid6: avx2x1   xor()  6419 MB/s
[    5.500149] raid6: avx2x2   gen() 13737 MB/s
[    5.548528] raid6: avx2x2   xor()  9089 MB/s
[    5.596336] raid6: avx2x4   gen() 14550 MB/s
[    5.644276] raid6: avx2x4   xor()  6702 MB/s
[    5.645195] raid6: using algorithm avx2x4 gen() 14550 MB/s
[    5.646387] raid6: .... xor() 6702 MB/s, rmw enabled
[    5.647421] raid6: using avx2x2 recovery algorithm
[    5.651827] xor: automatically using best checksumming function   avx       
[    5.657332] async_tx: api initialized (async)
done.
Begin: Running /scripts/init-premount ... done.
Begin: Mounting root file system ... Begin: Running /scripts/local-top ... done.
Begin: Running /scripts/local-premount ... [    5.729186] Btrfs loaded, crc32c=crc32c-intel
Scanning for Btrfs filesystems
done.
Warning: fsck not present, so skipping root file system
[    5.773964] EXT4-fs (sda1): INFO: recovery required on readonly filesystem
[    5.775388] EXT4-fs (sda1): write access will be enabled during recovery
[    6.039290] EXT4-fs (sda1): recovery complete
[    6.040942] EXT4-fs (sda1): mounted filesystem with ordered data mode. Opts: (null)
done.
Begin: Running /scripts/local-bottom ... done.
Begin: Running /scripts/init-bottom ... done.
[    6.237433] ip_tables: (C) 2000-2006 Netfilter Core Team
[    6.253096] systemd[1]: systemd 237 running in system mode. (+PAM +AUDIT +SELINUX +IMA +APPARMOR +SMACK +SYSVINIT +UTMP +LIBCRYPTSETUP +GCRYPT +GNUTLS +ACL +XZ +LZ4 +SECCOMP +BLKID +ELFUTILS +KMOD -IDN2 +IDN -PCRE2 default-hierarchy=hybrid)
[    6.258014] systemd[1]: Detected virtualization oracle.
[    6.259253] systemd[1]: Detected architecture x86-64.

Welcome to [1mUbuntu 18.04.6 LTS[0m!

[    6.267885] systemd[1]: Set hostname to <ubuntu-bionic>.
[    6.586927] systemd[1]: Started Forward Password Requests to Wall Directory Watch.
[[0;32m  OK  [0m] Started Forward Password Requests to Wall Directory Watch.
[    6.590018] systemd[1]: Reached target Swap.
[[0;32m  OK  [0m] Reached target Swap.
[    6.592395] systemd[1]: Set up automount Arbitrary Executable File Formats File System Automount Point.
[[0;32m  OK  [0m] Set up automount Arbitrary Executab…rmats File System Automount Point.
[    6.595968] systemd[1]: Reached target User and Group Name Lookups.
[[0;32m  OK  [0m] Reached target User and Group Name Lookups.
[    6.610600] systemd[1]: Created slice User and Session Slice.
[[0;32m  OK  [0m] Created slice User and Session Slice.
[    6.613055] systemd[1]: Reached target System Time Synchronized.
[[0;32m  OK  [0m] Reached target System Time Synchronized.
[[0;32m  OK  [0m] Created slice System Slice.
[[0;32m  OK  [0m] Listening on Journal Audit Socket.
[[0;32m  OK  [0m] Listening on udev Kernel Socket.
[[0;32m  OK  [0m] Listening on Network Service Netlink Socket.
[[0;32m  OK  [0m] Listening on Journal Socket.
         Starting Load Kernel Modules...
         Starting Create list of required st…ce nodes for the current kernel...
         Mounting Kernel Debug File System...
[[0;32m  OK  [0m] Reached target Slices.
[[0;32m  OK  [0m] Listening on Device-mapper event daemon FIFOs.
[    6.670057] Loading iSCSI transport class v2.0-870.
         Starting Set the console keyboard layout...
[[0;32m  OK  [0m] Listening on fsck to fsckd communication Socket.
[[0;32m  OK  [0m] Listening on Syslog Socket.
[[0;32m  OK  [0m] Listening on LVM2 poll daemon socket.
[[0;32m  OK  [0m] Listening on Journal Socket (/dev/log).
         Starting Journal Service...
         Mounting Huge Pages File System...
         Starting File System Check on Root Device...
[[0;32m  OK  [0m] Listening on /dev/initctl Compatibility Named Pipe.
[    6.694287] iscsi: registered transport (tcp)
[[0;32m  OK  [0m] Listening on LVM2 metadata daemon socket.
         Starting Monitoring of LVM2 mirrors…ng dmeventd or progress polling...
         Starting Uncomplicated firewall...
         Mounting POSIX Message Queue File System...
[[0;32m  OK  [0m] Listening on udev Control Socket.
         Starting udev Coldplug all Devices...
[[0;32m  OK  [0m] Created slice system-serial\x2dgetty.slice.
[[0;32m  OK  [0m] Started Create list of required sta…vice nodes for the current kernel.
[[0;32m  OK  [0m] Mounted Kernel Debug File System.
[[0;32m  OK  [0m] Mounted Huge Pages File System.
[[0;32m  OK  [0m] Mounted POSIX Message Queue File System.
[[0;32m  OK  [0m] Started File System Check Daemon to report status.
         Starting Create Static Device Nodes in /dev...
[[0;32m  OK  [0m] Started Journal Service.
[[0;32m  OK  [0m] Started LVM2 metadata daemon.
[[0;32m  OK  [0m] Started Uncomplicated firewall.
[[0;32m  OK  [0m] Started udev Coldplug all Devices.
[[0;32m  OK  [0m] Started Create Static Device Nodes in /dev.
[[0;32m  OK  [0m] Started File System Check on Root Device.
         Starting Remount Root and Kernel File Systems...
[    6.877893] iscsi: registered transport (iser)
[[0;32m  OK  [0m] Started Load Kernel Modules.
         Starting Apply Kernel Variables...
         Mounting FUSE Control File System...
         Mounting Kernel Configuration File System...
[[0;32m  OK  [0m] Mounted FUSE Control File System.
[[0;32m  OK  [0m] Started Monitoring of LVM2 mirrors,…sing dmeventd or progress polling.
[[0;32m  OK  [0m] Mounted Kernel Configuration File System.
[[0;32m  OK  [0m] Started Remount Root and Kernel File Systems.
         Starting Load/Save Random Seed...
         Starting Flush Journal to Persistent Storage...
         Starting udev Kernel Device Manager...
[[0;32m  OK  [0m] Started Apply Kernel Variables.
[[0;32m  OK  [0m] Started Load/Save Random Seed.
[[0;32m  OK  [0m] Started udev Kernel Device Manager.
[[0;32m  OK  [0m] Started Set the console keyboard layout.
[[0;32m  OK  [0m] Started Dispatch Password Requests to Console Directory Watch.
[[0;32m  OK  [0m] Reached target Local Encrypted Volumes.
[[0;32m  OK  [0m] Reached target Local File Systems (Pre).
[[0;32m  OK  [0m] Reached target Local File Systems.
         Starting Tell Plymouth To Write Out Runtime Data...
         Starting Set console font and keymap...
         Starting AppArmor initialization...
         Starting ebtables ruleset management...
[[0;32m  OK  [0m] Started Flush Journal to Persistent Storage.
[[0;32m  OK  [0m] Started Set console font and keymap.
         Starting Create Volatile Files and Directories...
[[0;32m  OK  [0m] Started Tell Plymouth To Write Out Runtime Data.
[[0;32m  OK  [0m] Started Create Volatile Files and Directories.
         Starting Update UTMP about System Boot/Shutdown...
[[0;32m  OK  [0m] Started Update UTMP about System Boot/Shutdown.
[[0;32m  OK  [0m] Started ebtables ruleset management.
[[0;32m  OK  [0m] Found device /dev/ttyS0.
[[0;32m  OK  [0m] Started AppArmor initialization.
         Starting Load AppArmor profiles managed internally by snapd...
         Starting Initial cloud-init job (pre-networking)...
         Mounting Arbitrary Executable File Formats File System...
[[0;32m  OK  [0m] Listening on Load/Save RF Kill Switch Status /dev/rfkill Watch.
[[0;32m  OK  [0m] Mounted Arbitrary Executable File Formats File System.
[[0;32m  OK  [0m] Started Load AppArmor profiles managed internally by snapd.
[    9.600115] cloud-init[551]: Cloud-init v. 22.3.4-0ubuntu1~18.04.1 running 'init-local' at Thu, 24 Nov 2022 03:21:59 +0000. Up 9.21 seconds.
[[0;32m  OK  [0m] Started Initial cloud-init job (pre-networking).
[[0;32m  OK  [0m] Reached target Network (Pre).
         Starting Network Service...
[[0;32m  OK  [0m] Started Network Service.
         Starting Network Name Resolution...
         Starting Wait for Network to be Configured...
[[0;32m  OK  [0m] Started Network Name Resolution.
[[0;32m  OK  [0m] Reached target Host and Network Name Lookups.
[[0;32m  OK  [0m] Reached target Network.
[[0;32m  OK  [0m] Started Wait for Network to be Configured.
         Starting Initial cloud-init job (metadata service crawler)...
[   12.108424] cloud-init[673]: Cloud-init v. 22.3.4-0ubuntu1~18.04.1 running 'init' at Thu, 24 Nov 2022 03:22:02 +0000. Up 11.83 seconds.
[   12.111037] cloud-init[673]: ci-info: ++++++++++++++++++++++++++++++++++++++Net device info++++++++++++++++++++++++++++++++++++++
[   12.113708] cloud-init[673]: ci-info: +--------+------+----------------------------+---------------+--------+-------------------+
[   12.115570] cloud-init[673]: ci-info: | Device |  Up  |          Address           |      Mask     | Scope  |     Hw-Address    |
[   12.117458] cloud-init[673]: ci-info: +--------+------+----------------------------+---------------+--------+-------------------+
[   12.128774] cloud-init[673]: ci-info: | enp0s3 | True |         10.0.2.15          | 255.255.255.0 | global | 02:a6:12:9f:2a:1a |
[   12.131283] cloud-init[673]: ci-info: | enp0s3 | True | fe80::a6:12ff:fe9f:2a1a/64 |       .       |  link  | 02:a6:12:9f:2a:1a |
[   12.133797] cloud-init[673]: ci-info: |   lo   | True |         127.0.0.1          |   255.0.0.0   |  host  |         .         |
[   12.135842] cloud-init[673]: ci-info: |   lo   | True |          ::1/128           |       .       |  host  |         .         |
[   12.138704] cloud-init[673]: ci-info: +--------+------+----------------------------+---------------+--------+-------------------+
[   12.141130] cloud-init[673]: ci-info: ++++++++++++++++++++++++++++Route IPv4 info+++++++++++++++++++++++++++++
[   12.143148] cloud-init[673]: ci-info: +-------+-------------+----------+-----------------+-----------+-------+
[   12.145054] cloud-init[673]: ci-info: | Route | Destination | Gateway  |     Genmask     | Interface | Flags |
[   12.147453] cloud-init[673]: ci-info: +-------+-------------+----------+-----------------+-----------+-------+
[   12.148940] cloud-init[673]: ci-info: |   0   |   0.0.0.0   | 10.0.2.2 |     0.0.0.0     |   enp0s3  |   UG  |
[   12.150566] cloud-init[673]: ci-info: |   1   |   10.0.2.0  | 0.0.0.0  |  255.255.255.0  |   enp0s3  |   U   |
[   12.152182] cloud-init[673]: ci-info: |   2   |   10.0.2.2  | 0.0.0.0  | 255.255.255.255 |   enp0s3  |   UH  |
[   12.153878] cloud-init[673]: ci-info: +-------+-------------+----------+-----------------+-----------+-------+
[   12.155922] cloud-init[673]: ci-info: +++++++++++++++++++Route IPv6 info+++++++++++++++++++
[   12.158453] cloud-init[673]: ci-info: +-------+-------------+---------+-----------+-------+
[   12.168400] cloud-init[673]: ci-info: | Route | Destination | Gateway | Interface | Flags |
[   12.169529] cloud-init[673]: ci-info: +-------+-------------+---------+-----------+-------+
[   12.171170] cloud-init[673]: ci-info: |   1   |  fe80::/64  |    ::   |   enp0s3  |   U   |
[   12.184812] cloud-init[673]: ci-info: |   3   |    local    |    ::   |   enp0s3  |   U   |
[   12.186218] cloud-init[673]: ci-info: |   4   |   ff00::/8  |    ::   |   enp0s3  |   U   |
[   12.187913] cloud-init[673]: ci-info: +-------+-------------+---------+-----------+-------+
[[0;32m  OK  [0m] Started Initial cloud-init job (metadata service crawler).
[[0;32m  OK  [0m] Reached target Network is Online.
         Starting Availability of block devices...
[[0;32m  OK  [0m] Reached target Remote File Systems (Pre).
         Mounting /vagrant...
[[0;32m  OK  [0m] Reached target Cloud-config availability.
[[0;32m  OK  [0m] Reached target System Initialization.
[[0;32m  OK  [0m] Listening on UUID daemon activation socket.
[[0;32m  OK  [0m] Listening on ACPID Listen Socket.
         Starting Socket activation for snappy daemon.
[[0;32m  OK  [0m] Listening on cloud-init hotplug hook socket.
[[0;32m  OK  [0m] Started Discard unused blocks once a week.
[[0;32m  OK  [0m] Listening on D-Bus System Message Bus Socket.
[[0;32m  OK  [0m] Started Daily Cleanup of Temporary Directories.
[[0;32m  OK  [0m] Started ACPI Events Check.
[[0;32m  OK  [0m] Reached target Paths.
[[0;32m  OK  [0m] Started Message of the Day.
[[0;32m  OK  [0m] Listening on Open-iSCSI iscsid Socket.
         Starting LXD - unix socket.
[[0;32m  OK  [0m] Started Ubuntu Advantage Timer for running repeated jobs.
[[0;32m  OK  [0m] Started Daily apt upgrade and clean activities.
[[0;32m  OK  [0m] Reached target Timers.
[[0;32m  OK  [0m] Started Availability of block devices.
[[0;32m  OK  [0m] Listening on Socket activation for snappy daemon.
[[0;32m  OK  [0m] Listening on LXD - unix socket.
[[0;32m  OK  [0m] Reached target Sockets.
[[0;32m  OK  [0m] Reached target Basic System.
         Starting LXD - container startup/shutdown...
         Starting OpenBSD Secure Shell server...
         Starting Message of the Day...
[[0;32m  OK  [0m] Started FUSE filesystem for LXC.
         Starting System Logging Service...
[[0;32m  OK  [0m] Started irqbalance daemon.
[[0;32m  OK  [0m] Reached target Login Prompts (Pre).
[[0;32m  OK  [0m] Started Deferred execution scheduler.
[[0;32m  OK  [0m] Started D-Bus System Message Bus.
         Starting Snap Daemon...
         Starting LSB: Record successful boot for GRUB...
         Starting Accounts Service...
         Starting Login Service...
         Starting Dispatcher daemon for systemd-networkd...
         Starting Virtualbox guest utils...
[[0;32m  OK  [0m] Started Regular background program processing daemon.
[[0;32m  OK  [0m] Started System Logging Service.
[[0;32m  OK  [0m] Mounted /vagrant.
[[0;32m  OK  [0m] Started LXD - container startup/shutdown.
[[0;32m  OK  [0m] Started Login Service.
[[0;32m  OK  [0m] Started Unattended Upgrades Shutdown.
         Starting Authorization Manager...
[[0;32m  OK  [0m] Reached target Remote File Systems.
         Starting LSB: automatic crash report generation...
         Starting Permit User Sessions...
[[0;32m  OK  [0m] Started OpenBSD Secure Shell server.
[[0;32m  OK  [0m] Started Permit User Sessions.
         Starting Terminate Plymouth Boot Screen...
         Starting Hold until boot process finishes up...
[[0;32m  OK  [0m] Started Hold until boot process finishes up.
         Starting Set console scheme...
[[0;32m  OK  [0m] Started Serial Getty on ttyS0.
[[0;32m  OK  [0m] Started Terminate Plymouth Boot Screen.
[[0;32m  OK  [0m] Started Authorization Manager.
[[0;32m  OK  [0m] Started Accounts Service.
[[0;32m  OK  [0m] Started Set console scheme.
[[0;32m  OK  [0m] Created slice system-getty.slice.
[[0;32m  OK  [0m] Started Getty on tty1.
[[0;32m  OK  [0m] Reached target Login Prompts.
[[0;32m  OK  [0m] Started LSB: automatic crash report generation.
[[0;32m  OK  [0m] Started LSB: Record successful boot for GRUB.
[[0;32m  OK  [0m] Started Virtualbox guest utils.
[[0;32m  OK  [0m] Started Snap Daemon.
         Starting Wait until snapd is fully seeded...
         Starting Time & Date Service...
[[0;32m  OK  [0m] Started Time & Date Service.
[[0;32m  OK  [0m] Started Dispatcher daemon for systemd-networkd.
[[0;32m  OK  [0m] Started Wait until snapd is fully seeded.
         Starting Apply the settings specified in cloud-config...
[[0;32m  OK  [0m] Created slice User Slice of vagrant.
         Starting User Manager for UID 1000...
[[0;32m  OK  [0m] Started Session 1 of user vagrant.
[[0;32m  OK  [0m] Started User Manager for UID 1000.
[   15.877567] cloud-init[1011]: Cloud-init v. 22.3.4-0ubuntu1~18.04.1 running 'modules:config' at Thu, 24 Nov 2022 03:22:06 +0000. Up 15.61 seconds.
[[0;32m  OK  [0m] Started Message of the Day.
[[0;32m  OK  [0m] Started Apply the settings specified in cloud-config.
[[0;32m  OK  [0m] Reached target Multi-User System.
[[0;32m  OK  [0m] Reached target Graphical Interface.
         Starting Update UTMP about System Runlevel Changes...
         Starting Execute cloud user/final scripts...
[[0;32m  OK  [0m] Started Update UTMP about System Runlevel Changes.
[   17.092336] cloud-init[1168]: Cloud-init v. 22.3.4-0ubuntu1~18.04.1 running 'modules:final' at Thu, 24 Nov 2022 03:22:07 +0000. Up 16.85 seconds.
[   17.094653] cloud-init[1168]: Cloud-init v. 22.3.4-0ubuntu1~18.04.1 finished at Thu, 24 Nov 2022 03:22:07 +0000. Datasource DataSourceNoCloud [seed=/dev/sdb][dsmode=net].  Up 17.07 seconds
[[0;32m  OK  [0m] Started Execute cloud user/final scripts.
[[0;32m  OK  [0m] Reached target Cloud-init target.

Ubuntu 18.04.6 LTS ubuntu-bionic ttyS0

ubuntu-bionic login: 